app/build/outputs/logs/manifest-merger-debug-report.txt
-- Merging decision tree log ---
manifest
ADDED from src/main/AndroidManifest.xml:2:1-334:12
	package
		ADDED from src/main/AndroidManifest.xml:3:5-34
		INJECTED from src/main/AndroidManifest.xml
		INJECTED from src/main/AndroidManifest.xml
	android:versionName
		ADDED from src/main/AndroidManifest.xml:5:5-30
		INJECTED from src/main/AndroidManifest.xml
		INJECTED from src/main/AndroidManifest.xml
	android:versionCode
		ADDED from src/main/AndroidManifest.xml:4:5-28
		INJECTED from src/main/AndroidManifest.xml
		INJECTED from src/main/AndroidManifest.xml
	xmlns:android
		ADDED from src/main/AndroidManifest.xml:2:11-69
uses-sdk
ADDED from src/main/AndroidManifest.xml:8:5-10:41
MERGED from [com.google.android.gms:play-services:7.0.0] AndroidManifest.xml:18:5-42
MERGED from [com.google.android.gms:play-services-ads:7.0.0] AndroidManifest.xml:18:5-42
MERGED from [com.google.android.gms:play-services-analytics:7.0.0] AndroidManifest.xml:18:5-42
MERGED from [com.google.android.gms:play-services-appindexing:7.0.0] AndroidManifest.xml:18:5-42
MERGED from [com.google.android.gms:play-services-appstate:7.0.0] AndroidManifest.xml:18:5-42
MERGED from [com.google.android.gms:play-services-cast:7.0.0] AndroidManifest.xml:18:5-42
MERGED from [com.google.android.gms:play-services-fitness:7.0.0] AndroidManifest.xml:18:5-42
MERGED from [com.google.android.gms:play-services-games:7.0.0] AndroidManifest.xml:18:5-42
MERGED from [com.google.android.gms:play-services-drive:7.0.0] AndroidManifest.xml:18:5-42
MERGED from [com.google.android.gms:play-services-gcm:7.0.0] AndroidManifest.xml:18:5-42
MERGED from [com.google.android.gms:play-services-location:7.0.0] AndroidManifest.xml:18:5-42
MERGED from [com.google.android.gms:play-services-nearby:7.0.0] AndroidManifest.xml:18:5-42
MERGED from [com.google.android.gms:play-services-panorama:7.0.0] AndroidManifest.xml:18:5-42
MERGED from [com.google.android.gms:play-services-plus:7.0.0] AndroidManifest.xml:18:5-42
MERGED from [com.google.android.gms:play-services-safetynet:7.0.0] AndroidManifest.xml:18:5-42
MERGED from [com.google.android.gms:play-services-wallet:7.0.0] AndroidManifest.xml:18:5-42
MERGED from [com.google.android.gms:play-services-identity:7.0.0] AndroidManifest.xml:18:5-42
MERGED from [com.google.android.gms:play-services-maps:7.0.0] AndroidManifest.xml:18:5-42
MERGED from [com.google.android.gms:play-services-wearable:7.0.0] AndroidManifest.xml:18:5-42
MERGED from [com.google.android.gms:play-services-base:7.0.0] AndroidManifest.xml:18:5-42
MERGED from [com.android.support:support-v4:22.0.0] AndroidManifest.xml:20:5-43
	android:targetSdkVersion
		ADDED from src/main/AndroidManifest.xml:10:9-38
		INJECTED from src/main/AndroidManifest.xml
		INJECTED from src/main/AndroidManifest.xml
	android:minSdkVersion
		ADDED from src/main/AndroidManifest.xml:9:9-35
		INJECTED from src/main/AndroidManifest.xml
		INJECTED from src/main/AndroidManifest.xml
uses-permission#android.permission.READ_CALENDAR
ADDED from src/main/AndroidManifest.xml:13:5-72
	android:name
		ADDED from src/main/AndroidManifest.xml:13:22-69
uses-permission#android.permission.WRITE_CALENDAR
ADDED from src/main/AndroidManifest.xml:14:5-73
	android:name
		ADDED from src/main/AndroidManifest.xml:14:22-70
uses-permission#android.permission.WRITE_EXTERNAL_STORAGE
ADDED from src/main/AndroidManifest.xml:15:5-81
	android:name
		ADDED from src/main/AndroidManifest.xml:15:22-78
uses-permission#android.permission.READ_EXTERNAL_STORAGE
ADDED from src/main/AndroidManifest.xml:16:5-80
	android:name
		ADDED from src/main/AndroidManifest.xml:16:22-77
uses-permission#android.permission.CAMERA
ADDED from src/main/AndroidManifest.xml:17:5-65
	android:name
		ADDED from src/main/AndroidManifest.xml:17:22-62
uses-feature#android.hardware.camera.autofocus
ADDED from src/main/AndroidManifest.xml:19:5-70
	android:name
		ADDED from src/main/AndroidManifest.xml:19:19-67
uses-feature#android.hardware.camera.flash
ADDED from src/main/AndroidManifest.xml:20:5-66
	android:name
		ADDED from src/main/AndroidManifest.xml:20:19-63
uses-permission#android.permission.FLASHLIGHT
ADDED from src/main/AndroidManifest.xml:22:5-69
	android:name
		ADDED from src/main/AndroidManifest.xml:22:22-66
uses-permission#com.android.alarm.permission.SET_ALARM
ADDED from src/main/AndroidManifest.xml:23:5-78
	android:name
		ADDED from src/main/AndroidManifest.xml:23:22-75
uses-permission#android.permission.SEND_SMS
ADDED from src/main/AndroidManifest.xml:24:5-67
	android:name
		ADDED from src/main/AndroidManifest.xml:24:22-64
uses-permission#android.permission.INTERNET
ADDED from src/main/AndroidManifest.xml:25:5-67
	android:name
		ADDED from src/main/AndroidManifest.xml:25:22-64
uses-permission#android.permission.ACCESS_NETWORK_STATE
ADDED from src/main/AndroidManifest.xml:26:5-79
	android:name
		ADDED from src/main/AndroidManifest.xml:26:22-76
uses-permission#android.permission.READ_PHONE_STATE
ADDED from src/main/AndroidManifest.xml:27:5-75
	android:name
		ADDED from src/main/AndroidManifest.xml:27:22-72
uses-permission#com.google.android.gm.permission.READ_GMAIL
ADDED from src/main/AndroidManifest.xml:28:5-83
	android:name
		ADDED from src/main/AndroidManifest.xml:28:22-80
uses-permission#com.google.android.gm.permission.WRITE_GMAIL
ADDED from src/main/AndroidManifest.xml:29:5-84
	android:name
		ADDED from src/main/AndroidManifest.xml:29:22-81
application
ADDED from src/main/AndroidManifest.xml:31:5-332:19
MERGED from [com.google.android.gms:play-services:7.0.0] AndroidManifest.xml:19:5-20
MERGED from [com.google.android.gms:play-services-ads:7.0.0] AndroidManifest.xml:19:5-20
MERGED from [com.google.android.gms:play-services-analytics:7.0.0] AndroidManifest.xml:19:5-20
MERGED from [com.google.android.gms:play-services-appindexing:7.0.0] AndroidManifest.xml:19:5-20
MERGED from [com.google.android.gms:play-services-appstate:7.0.0] AndroidManifest.xml:19:5-20
MERGED from [com.google.android.gms:play-services-cast:7.0.0] AndroidManifest.xml:19:5-20
MERGED from [com.google.android.gms:play-services-fitness:7.0.0] AndroidManifest.xml:19:5-20
MERGED from [com.google.android.gms:play-services-games:7.0.0] AndroidManifest.xml:19:5-20
MERGED from [com.google.android.gms:play-services-drive:7.0.0] AndroidManifest.xml:19:5-20
MERGED from [com.google.android.gms:play-services-gcm:7.0.0] AndroidManifest.xml:19:5-20
MERGED from [com.google.android.gms:play-services-location:7.0.0] AndroidManifest.xml:19:5-20
MERGED from [com.google.android.gms:play-services-nearby:7.0.0] AndroidManifest.xml:19:5-20
MERGED from [com.google.android.gms:play-services-panorama:7.0.0] AndroidManifest.xml:19:5-20
MERGED from [com.google.android.gms:play-services-plus:7.0.0] AndroidManifest.xml:19:5-20
MERGED from [com.google.android.gms:play-services-safetynet:7.0.0] AndroidManifest.xml:19:5-20
MERGED from [com.google.android.gms:play-services-wallet:7.0.0] AndroidManifest.xml:19:5-20
MERGED from [com.google.android.gms:play-services-identity:7.0.0] AndroidManifest.xml:19:5-20
MERGED from [com.google.android.gms:play-services-maps:7.0.0] AndroidManifest.xml:19:5-20
MERGED from [com.google.android.gms:play-services-wearable:7.0.0] AndroidManifest.xml:19:5-20
MERGED from [com.google.android.gms:play-services-base:7.0.0] AndroidManifest.xml:20:5-24:19
MERGED from [com.android.support:support-v4:22.0.0] AndroidManifest.xml:22:5-20
	android:label
		ADDED from src/main/AndroidManifest.xml:35:9-41
	android:supportsRtl
		ADDED from src/main/AndroidManifest.xml:36:9-35
	android:allowBackup
		ADDED from src/main/AndroidManifest.xml:33:9-36
	android:icon
		ADDED from src/main/AndroidManifest.xml:34:9-50
	android:theme
		ADDED from src/main/AndroidManifest.xml:37:9-44
	android:name
		ADDED from src/main/AndroidManifest.xml:32:9-55
meta-data#com.google.android.gms.version
ADDED from src/main/AndroidManifest.xml:38:9-40:69
MERGED from [com.google.android.gms:play-services-base:7.0.0] AndroidManifest.xml:21:9-23:69
	android:value
		ADDED from src/main/AndroidManifest.xml:40:13-66
	android:name
		ADDED from src/main/AndroidManifest.xml:39:13-58
activity#com.ajbtechnologies.MainMenuActivity
ADDED from src/main/AndroidManifest.xml:42:9-51:20
	android:screenOrientation
		ADDED from src/main/AndroidManifest.xml:46:13-49
	android:launchMode
		ADDED from src/main/AndroidManifest.xml:45:13-43
	android:configChanges
		ADDED from src/main/AndroidManifest.xml:44:13-63
	android:name
		ADDED from src/main/AndroidManifest.xml:43:13-64
intent-filter#android.intent.action.MAIN+android.intent.category.LAUNCHER
ADDED from src/main/AndroidManifest.xml:47:13-50:29
action#android.intent.action.MAIN
ADDED from src/main/AndroidManifest.xml:48:17-69
	android:name
		ADDED from src/main/AndroidManifest.xml:48:25-66
category#android.intent.category.LAUNCHER
ADDED from src/main/AndroidManifest.xml:49:17-77
	android:name
		ADDED from src/main/AndroidManifest.xml:49:27-74
activity#com.google.android.gms.ads.AdActivity
ADDED from src/main/AndroidManifest.xml:52:9-55:46
	android:launchMode
		ADDED from src/main/AndroidManifest.xml:55:13-43
	android:configChanges
		ADDED from src/main/AndroidManifest.xml:54:13-122
	android:name
		ADDED from src/main/AndroidManifest.xml:53:13-65
activity#com.ajbtechnologies.CreateEditListsActivity
ADDED from src/main/AndroidManifest.xml:56:9-62:15
	android:screenOrientation
		ADDED from src/main/AndroidManifest.xml:60:13-49
	android:launchMode
		ADDED from src/main/AndroidManifest.xml:59:13-43
	android:configChanges
		ADDED from src/main/AndroidManifest.xml:58:13-63
	android:name
		ADDED from src/main/AndroidManifest.xml:57:13-71
activity#com.ajbtechnologies.calendar.ListEventsActivity
ADDED from src/main/AndroidManifest.xml:63:9-68:51
	android:screenOrientation
		ADDED from src/main/AndroidManifest.xml:67:13-49
	android:launchMode
		ADDED from src/main/AndroidManifest.xml:66:13-43
	android:configChanges
		ADDED from src/main/AndroidManifest.xml:65:13-63
	android:theme
		ADDED from src/main/AndroidManifest.xml:68:13-48
	android:name
		ADDED from src/main/AndroidManifest.xml:64:13-75
activity#com.ajbtechnologies.CalculatorsActivity
ADDED from src/main/AndroidManifest.xml:69:9-75:57
	android:screenOrientation
		ADDED from src/main/AndroidManifest.xml:73:13-49
	android:launchMode
		ADDED from src/main/AndroidManifest.xml:72:13-43
	android:windowSoftInputMode
		ADDED from src/main/AndroidManifest.xml:75:13-54
	android:configChanges
		ADDED from src/main/AndroidManifest.xml:71:13-63
	android:theme
		ADDED from src/main/AndroidManifest.xml:74:13-51
	android:name
		ADDED from src/main/AndroidManifest.xml:70:13-67
activity#com.ajbtechnologies.calendar.EventActivity
ADDED from src/main/AndroidManifest.xml:76:9-80:52
	android:screenOrientation
		ADDED from src/main/AndroidManifest.xml:80:13-49
	android:launchMode
		ADDED from src/main/AndroidManifest.xml:79:13-43
	android:configChanges
		ADDED from src/main/AndroidManifest.xml:78:13-63
	android:name
		ADDED from src/main/AndroidManifest.xml:77:13-70
activity#com.ajbtechnologies.calendar.CalendarActivity
ADDED from src/main/AndroidManifest.xml:81:9-86:51
	android:screenOrientation
		ADDED from src/main/AndroidManifest.xml:85:13-49
	android:launchMode
		ADDED from src/main/AndroidManifest.xml:84:13-43
	android:configChanges
		ADDED from src/main/AndroidManifest.xml:83:13-63
	android:theme
		ADDED from src/main/AndroidManifest.xml:86:13-48
	android:name
		ADDED from src/main/AndroidManifest.xml:82:13-73
activity#com.ajbtechnologies.calendar.CustomRecurrenceActivity
ADDED from src/main/AndroidManifest.xml:87:9-93:57
	android:screenOrientation
		ADDED from src/main/AndroidManifest.xml:91:13-49
	android:launchMode
		ADDED from src/main/AndroidManifest.xml:90:13-43
	android:windowSoftInputMode
		ADDED from src/main/AndroidManifest.xml:93:13-54
	android:configChanges
		ADDED from src/main/AndroidManifest.xml:89:13-63
	android:theme
		ADDED from src/main/AndroidManifest.xml:92:13-48
	android:name
		ADDED from src/main/AndroidManifest.xml:88:13-81
activity#com.ajbtechnologies.calculators.CalculateUnitActivity
ADDED from src/main/AndroidManifest.xml:94:9-99:54
	android:screenOrientation
		ADDED from src/main/AndroidManifest.xml:98:13-49
	android:launchMode
		ADDED from src/main/AndroidManifest.xml:97:13-43
	android:configChanges
		ADDED from src/main/AndroidManifest.xml:96:13-63
	android:theme
		ADDED from src/main/AndroidManifest.xml:99:13-51
	android:name
		ADDED from src/main/AndroidManifest.xml:95:13-81
activity#com.ajbtechnologies.calculators.CalculateActivity
ADDED from src/main/AndroidManifest.xml:100:9-105:54
	android:screenOrientation
		ADDED from src/main/AndroidManifest.xml:104:13-49
	android:launchMode
		ADDED from src/main/AndroidManifest.xml:103:13-43
	android:configChanges
		ADDED from src/main/AndroidManifest.xml:102:13-63
	android:theme
		ADDED from src/main/AndroidManifest.xml:105:13-51
	android:name
		ADDED from src/main/AndroidManifest.xml:101:13-77
activity#com.ajbtechnologies.ListsHomeActivity
ADDED from src/main/AndroidManifest.xml:106:9-117:20
	android:screenOrientation
		ADDED from src/main/AndroidManifest.xml:111:13-49
	android:parentActivityName
		ADDED from src/main/AndroidManifest.xml:110:13-85
	android:launchMode
		ADDED from src/main/AndroidManifest.xml:109:13-43
	android:configChanges
		ADDED from src/main/AndroidManifest.xml:108:13-63
	android:theme
		ADDED from src/main/AndroidManifest.xml:112:13-48
	android:name
		ADDED from src/main/AndroidManifest.xml:107:13-65
meta-data#android.support.PARENT_ACTIVITY
ADDED from src/main/AndroidManifest.xml:114:13-116:78
	android:value
		ADDED from src/main/AndroidManifest.xml:116:17-76
	android:name
		ADDED from src/main/AndroidManifest.xml:115:17-63
activity#com.ajbtechnologies.ListHomeActivity
ADDED from src/main/AndroidManifest.xml:118:9-124:14
	android:screenOrientation
		ADDED from src/main/AndroidManifest.xml:122:13-49
	android:launchMode
		ADDED from src/main/AndroidManifest.xml:121:13-43
	android:configChanges
		ADDED from src/main/AndroidManifest.xml:120:13-63
	android:theme
		ADDED from src/main/AndroidManifest.xml:123:13-48
	android:name
		ADDED from src/main/AndroidManifest.xml:119:13-64
activity#com.ajbtechnologies.ListInfoActivity
ADDED from src/main/AndroidManifest.xml:125:9-130:57
	android:screenOrientation
		ADDED from src/main/AndroidManifest.xml:128:13-49
	android:launchMode
		ADDED from src/main/AndroidManifest.xml:127:13-43
	android:windowSoftInputMode
		ADDED from src/main/AndroidManifest.xml:130:13-54
	android:theme
		ADDED from src/main/AndroidManifest.xml:129:13-48
	android:name
		ADDED from src/main/AndroidManifest.xml:126:13-64
activity#com.ajbtechnologies.ToDoItemActivity
ADDED from src/main/AndroidManifest.xml:131:9-137:70
	android:screenOrientation
		ADDED from src/main/AndroidManifest.xml:135:13-49
	android:launchMode
		ADDED from src/main/AndroidManifest.xml:134:13-43
	android:windowSoftInputMode
		ADDED from src/main/AndroidManifest.xml:137:13-67
	android:configChanges
		ADDED from src/main/AndroidManifest.xml:133:13-63
	android:theme
		ADDED from src/main/AndroidManifest.xml:136:13-48
	android:name
		ADDED from src/main/AndroidManifest.xml:132:13-64
activity#com.ajbtechnologies.ItemActivity
ADDED from src/main/AndroidManifest.xml:138:9-144:70
	android:screenOrientation
		ADDED from src/main/AndroidManifest.xml:142:13-49
	android:launchMode
		ADDED from src/main/AndroidManifest.xml:141:13-43
	android:windowSoftInputMode
		ADDED from src/main/AndroidManifest.xml:144:13-67
	android:configChanges
		ADDED from src/main/AndroidManifest.xml:140:13-63
	android:theme
		ADDED from src/main/AndroidManifest.xml:143:13-48
	android:name
		ADDED from src/main/AndroidManifest.xml:139:13-60
activity#com.ajbtechnologies.NotesActivity
ADDED from src/main/AndroidManifest.xml:145:9-151:51
	android:screenOrientation
		ADDED from src/main/AndroidManifest.xml:150:13-49
	android:parentActivityName
		ADDED from src/main/AndroidManifest.xml:149:13-78
	android:launchMode
		ADDED from src/main/AndroidManifest.xml:148:13-43
	android:configChanges
		ADDED from src/main/AndroidManifest.xml:147:13-63
	android:theme
		ADDED from src/main/AndroidManifest.xml:151:13-48
	android:name
		ADDED from src/main/AndroidManifest.xml:146:13-61
activity#com.ajbtechnologies.ImportInstructionsActivity
ADDED from src/main/AndroidManifest.xml:152:9-157:51
	android:screenOrientation
		ADDED from src/main/AndroidManifest.xml:156:13-49
	android:launchMode
		ADDED from src/main/AndroidManifest.xml:155:13-43
	android:configChanges
		ADDED from src/main/AndroidManifest.xml:154:13-63
	android:theme
		ADDED from src/main/AndroidManifest.xml:157:13-48
	android:name
		ADDED from src/main/AndroidManifest.xml:153:13-74
activity#com.ajbtechnologies.ImportedListNameChoiceDialogActivity
ADDED from src/main/AndroidManifest.xml:158:9-163:52
	android:screenOrientation
		ADDED from src/main/AndroidManifest.xml:162:13-49
	android:launchMode
		ADDED from src/main/AndroidManifest.xml:161:13-43
	android:configChanges
		ADDED from src/main/AndroidManifest.xml:160:13-63
	android:theme
		ADDED from src/main/AndroidManifest.xml:163:13-49
	android:name
		ADDED from src/main/AndroidManifest.xml:159:13-84
activity#com.ajbtechnologies.SheetNameInputDialogActivity
ADDED from src/main/AndroidManifest.xml:164:9-169:52
	android:screenOrientation
		ADDED from src/main/AndroidManifest.xml:168:13-49
	android:launchMode
		ADDED from src/main/AndroidManifest.xml:167:13-43
	android:configChanges
		ADDED from src/main/AndroidManifest.xml:166:13-63
	android:theme
		ADDED from src/main/AndroidManifest.xml:169:13-49
	android:name
		ADDED from src/main/AndroidManifest.xml:165:13-76
activity#com.ajbtechnologies.CheckBoxListActivity
ADDED from src/main/AndroidManifest.xml:170:9-175:51
	android:screenOrientation
		ADDED from src/main/AndroidManifest.xml:174:13-49
	android:launchMode
		ADDED from src/main/AndroidManifest.xml:173:13-43
	android:configChanges
		ADDED from src/main/AndroidManifest.xml:172:13-63
	android:theme
		ADDED from src/main/AndroidManifest.xml:175:13-48
	android:name
		ADDED from src/main/AndroidManifest.xml:171:13-68
activity#com.ajbtechnologies.TextImportActivity
ADDED from src/main/AndroidManifest.xml:176:9-180:52
	android:screenOrientation
		ADDED from src/main/AndroidManifest.xml:180:13-49
	android:launchMode
		ADDED from src/main/AndroidManifest.xml:179:13-43
	android:configChanges
		ADDED from src/main/AndroidManifest.xml:178:13-63
	android:name
		ADDED from src/main/AndroidManifest.xml:177:13-66
activity#com.ajbtechnologies.XMLImportActivity
ADDED from src/main/AndroidManifest.xml:181:9-185:52
	android:screenOrientation
		ADDED from src/main/AndroidManifest.xml:185:13-49
	android:launchMode
		ADDED from src/main/AndroidManifest.xml:184:13-43
	android:configChanges
		ADDED from src/main/AndroidManifest.xml:183:13-63
	android:name
		ADDED from src/main/AndroidManifest.xml:182:13-65
activity#com.ajbtechnologies.ExcelImportActivity
ADDED from src/main/AndroidManifest.xml:186:9-190:52
	android:screenOrientation
		ADDED from src/main/AndroidManifest.xml:190:13-49
	android:launchMode
		ADDED from src/main/AndroidManifest.xml:189:13-43
	android:configChanges
		ADDED from src/main/AndroidManifest.xml:188:13-63
	android:name
		ADDED from src/main/AndroidManifest.xml:187:13-67
activity#com.ajbtechnologies.errorhandling.ExceptionActivity
ADDED from src/main/AndroidManifest.xml:191:9-198:20
	android:screenOrientation
		ADDED from src/main/AndroidManifest.xml:196:13-49
	android:label
		ADDED from src/main/AndroidManifest.xml:194:13-42
	android:launchMode
		ADDED from src/main/AndroidManifest.xml:195:13-43
	android:configChanges
		ADDED from src/main/AndroidManifest.xml:193:13-63
	android:theme
		ADDED from src/main/AndroidManifest.xml:197:13-70
	android:name
		ADDED from src/main/AndroidManifest.xml:192:13-79
activity#com.ajbtechnologies.ImportErrorActivity
ADDED from src/main/AndroidManifest.xml:199:9-204:51
	android:screenOrientation
		ADDED from src/main/AndroidManifest.xml:203:13-49
	android:launchMode
		ADDED from src/main/AndroidManifest.xml:202:13-43
	android:configChanges
		ADDED from src/main/AndroidManifest.xml:201:13-63
	android:theme
		ADDED from src/main/AndroidManifest.xml:204:13-48
	android:name
		ADDED from src/main/AndroidManifest.xml:200:13-67
activity#com.ajbtechnologies.DrawNoteActivity
ADDED from src/main/AndroidManifest.xml:205:9-211:51
	android:screenOrientation
		ADDED from src/main/AndroidManifest.xml:210:13-49
	android:label
		ADDED from src/main/AndroidManifest.xml:208:13-45
	android:launchMode
		ADDED from src/main/AndroidManifest.xml:209:13-43
	android:configChanges
		ADDED from src/main/AndroidManifest.xml:207:13-63
	android:theme
		ADDED from src/main/AndroidManifest.xml:211:13-48
	android:name
		ADDED from src/main/AndroidManifest.xml:206:13-64
activity#com.ajbtechnologies.ImageViewActivity
ADDED from src/main/AndroidManifest.xml:212:9-217:59
	android:screenOrientation
		ADDED from src/main/AndroidManifest.xml:216:13-49
	android:launchMode
		ADDED from src/main/AndroidManifest.xml:215:13-43
	android:configChanges
		ADDED from src/main/AndroidManifest.xml:214:13-63
	android:theme
		ADDED from src/main/AndroidManifest.xml:217:13-56
	android:name
		ADDED from src/main/AndroidManifest.xml:213:13-65
activity#com.ajbtechnologies.CalculatorsDialogActivity
ADDED from src/main/AndroidManifest.xml:218:9-223:73
	android:screenOrientation
		ADDED from src/main/AndroidManifest.xml:222:13-49
	android:launchMode
		ADDED from src/main/AndroidManifest.xml:221:13-43
	android:configChanges
		ADDED from src/main/AndroidManifest.xml:220:13-63
	android:theme
		ADDED from src/main/AndroidManifest.xml:223:13-70
	android:name
		ADDED from src/main/AndroidManifest.xml:219:13-73
activity#com.ajbtechnologies.AttachmentProcessor
ADDED from src/main/AndroidManifest.xml:225:9-302:20
	android:screenOrientation
		ADDED from src/main/AndroidManifest.xml:228:13-49
	android:configChanges
		ADDED from src/main/AndroidManifest.xml:227:13-63
	android:name
		ADDED from src/main/AndroidManifest.xml:226:13-48
intent-filter#android.intent.action.VIEW+android.intent.category.BROWSABLE+android.intent.category.DEFAULT
ADDED from src/main/AndroidManifest.xml:229:13-238:29
action#android.intent.action.VIEW
ADDED from src/main/AndroidManifest.xml:230:17-69
	android:name
		ADDED from src/main/AndroidManifest.xml:230:25-66
category#android.intent.category.DEFAULT
ADDED from src/main/AndroidManifest.xml:232:17-76
	android:name
		ADDED from src/main/AndroidManifest.xml:232:27-73
category#android.intent.category.BROWSABLE
ADDED from src/main/AndroidManifest.xml:233:17-78
	android:name
		ADDED from src/main/AndroidManifest.xml:233:27-75
data
ADDED from src/main/AndroidManifest.xml:235:17-69
	android:mimeType
		ADDED from src/main/AndroidManifest.xml:235:23-66
intent-filter#android.intent.action.EDIT+android.intent.action.VIEW+android.intent.category.DEFAULT
ADDED from src/main/AndroidManifest.xml:277:13-285:29
action#android.intent.action.EDIT
ADDED from src/main/AndroidManifest.xml:279:17-69
	android:name
		ADDED from src/main/AndroidManifest.xml:279:25-66
service#com.ajbtechnologies.services.DeleteListService
ADDED from src/main/AndroidManifest.xml:304:9-306:40
	android:exported
		ADDED from src/main/AndroidManifest.xml:306:13-37
	android:name
		ADDED from src/main/AndroidManifest.xml:305:13-74
service#com.ajbtechnologies.services.ExcelImportService
ADDED from src/main/AndroidManifest.xml:307:9-309:40
	android:exported
		ADDED from src/main/AndroidManifest.xml:309:13-37
	android:name
		ADDED from src/main/AndroidManifest.xml:308:13-75
service#com.ajbtechnologies.services.TextImportService
ADDED from src/main/AndroidManifest.xml:310:9-312:40
	android:exported
		ADDED from src/main/AndroidManifest.xml:312:13-37
	android:name
		ADDED from src/main/AndroidManifest.xml:311:13-74
service#com.ajbtechnologies.services.XMLImportService
ADDED from src/main/AndroidManifest.xml:313:9-315:40
	android:exported
		ADDED from src/main/AndroidManifest.xml:315:13-37
	android:name
		ADDED from src/main/AndroidManifest.xml:314:13-73
service#com.ajbtechnologies.services.UpdateRowNumService
ADDED from src/main/AndroidManifest.xml:316:9-318:40
	android:exported
		ADDED from src/main/AndroidManifest.xml:318:13-37
	android:name
		ADDED from src/main/AndroidManifest.xml:317:13-76
service#com.ajbtechnologies.services.UpdateListsRowNumService
ADDED from src/main/AndroidManifest.xml:319:9-321:40
	android:exported
		ADDED from src/main/AndroidManifest.xml:321:13-37
	android:name
		ADDED from src/main/AndroidManifest.xml:320:13-81
activity#com.ajbtechnologies.NoteImageActivity
ADDED from src/main/AndroidManifest.xml:323:9-330:20
	android:screenOrientation
		ADDED from src/main/AndroidManifest.xml:328:13-49
	android:label
		ADDED from src/main/AndroidManifest.xml:326:13-62
	android:launchMode
		ADDED from src/main/AndroidManifest.xml:327:13-43
	android:configChanges
		ADDED from src/main/AndroidManifest.xml:325:13-74
	android:theme
		ADDED from src/main/AndroidManifest.xml:329:13-48
	android:name
		ADDED from src/main/AndroidManifest.xml:324:13-65